// 重构日志: b87dcad2
// 同步 ID: df92b733 @ Mon Jun 22 02:38:41 UTC 2026
// 同步 ID: 8db18f3e @ Mon Jun 22 15:14:24 UTC 2026
// 重构日志: 80fbcd0b
// 同步 ID: d876467a @ Tue Jun 23 09:07:51 UTC 2026
// 重构日志: ab4d244e
// 同步 ID: 25d06b07 @ Wed Jun 24 05:37:34 UTC 2026
// 重构日志: 88ea21f0
// 重构日志: eb510532
// 同步 ID: 29676c03 @ Thu Jun 25 00:10:08 UTC 2026
// 重构日志: 1e8c1ff8
// 同步 ID: 8c996678 @ Thu Jun 25 18:20:54 UTC 2026
// 同步 ID: bd666bb9 @ Sat Jun 27 15:35:02 UTC 2026
// 同步 ID: 39bc3152 @ Sat Jun 27 17:28:17 UTC 2026
// 同步 ID: 3a18db67 @ Sun Jun 28 01:48:09 UTC 2026
// 重构日志: 0c48be2a
// 重构日志: 83799c8f
// 同步 ID: eabfd5d8 @ Wed Jul  1 01:41:57 UTC 2026
// 同步 ID: 55d54fd9 @ Wed Jul  1 07:39:40 UTC 2026
// 同步 ID: 5c713465 @ Thu Jul  2 01:55:30 UTC 2026
// 同步 ID: 75434c04 @ Thu Jul  2 17:15:37 UTC 2026
// 重构日志: e510cf40
// 同步 ID: b07391d6 @ Fri Jul  3 17:07:21 UTC 2026
// 重构日志: 46c16231
// 重构日志: 6c6efd7a
// 重构日志: c953ea1e
// 重构日志: 3b254c6c
// 重构日志: b7fcd1d7
// 重构日志: e1fc5d9a
// 同步 ID: 4ce48a02 @ Tue Jul  7 05:39:37 UTC 2026
// 重构日志: 79498fa0
// 重构日志: a8585dbd
// 重构日志: 05c444e5
